#########################################################
# Local Linux Enumeration & Privilege Escalation Script #
#########################################################
# www.rebootuser.com
# version 0.982

[-] Debug Info
[+] Thorough tests = Disabled


Scan started at:
Sun Feb  8 16:00:05 EST 2026


### SYSTEM ##############################################
[-] Kernel information:
Linux TartarSauce 4.15.0-041500-generic #201802011154 SMP Thu Feb 1 12:05:23 UTC 2018 i686 athlon i686 GNU/Linux


[-] Kernel information (continued):
Linux version 4.15.0-041500-generic (kernel@kathleen) (gcc version 7.2.0 (Ubuntu 7.2.0-8ubuntu3.1)) #201802011154 SMP Thu Feb 1 12:05:2
3 UTC 2018


[-] Specific release information:
DISTRIB_ID=Ubuntu
DISTRIB_RELEASE=16.04
DISTRIB_CODENAME=xenial
DISTRIB_DESCRIPTION="Ubuntu 16.04.4 LTS"
NAME="Ubuntu"
VERSION="16.04.4 LTS (Xenial Xerus)"
ID=ubuntu
ID_LIKE=debian
PRETTY_NAME="Ubuntu 16.04.4 LTS"
VERSION_ID="16.04"
HOME_URL="http://www.ubuntu.com/"
SUPPORT_URL="http://help.ubuntu.com/"
BUG_REPORT_URL="http://bugs.launchpad.net/ubuntu/"
VERSION_CODENAME=xenial
UBUNTU_CODENAME=xenial


[-] Hostname:
TartarSauce


### USER/GROUP ##########################################
[-] Current user/group info:
uid=1000(onuma) gid=1000(onuma) groups=1000(onuma),24(cdrom),30(dip),46(plugdev)


[-] Users that have previously logged onto the system:
Username         Port     From             Latest
root             tty1                      Thu May 12 07:24:16 -0400 2022
onuma            tty1                      Fri Feb  9 09:00:51 -0500 2018


[-] Who else is logged on:
 16:00:05 up 6 min,  0 users,  load average: 0.00, 0.00, 0.00
USER     TTY      FROM             LOGIN@   IDLE   JCPU   PCPU WHAT


[-] Group memberships:
uid=0(root) gid=0(root) groups=0(root)
uid=1(daemon) gid=1(daemon) groups=1(daemon)
uid=2(bin) gid=2(bin) groups=2(bin)
uid=3(sys) gid=3(sys) groups=3(sys)
uid=4(sync) gid=65534(nogroup) groups=65534(nogroup)
uid=5(games) gid=60(games) groups=60(games)
uid=6(man) gid=12(man) groups=12(man)
uid=7(lp) gid=7(lp) groups=7(lp)
uid=8(mail) gid=8(mail) groups=8(mail)
uid=9(news) gid=9(news) groups=9(news)
uid=10(uucp) gid=10(uucp) groups=10(uucp)
uid=13(proxy) gid=13(proxy) groups=13(proxy)
uid=33(www-data) gid=33(www-data) groups=33(www-data)
uid=34(backup) gid=34(backup) groups=34(backup)
uid=38(list) gid=38(list) groups=38(list)
uid=39(irc) gid=39(irc) groups=39(irc)
uid=41(gnats) gid=41(gnats) groups=41(gnats)
uid=65534(nobody) gid=65534(nogroup) groups=65534(nogroup)
uid=100(systemd-timesync) gid=102(systemd-timesync) groups=102(systemd-timesync)
uid=101(systemd-network) gid=103(systemd-network) groups=103(systemd-network)
uid=102(systemd-resolve) gid=104(systemd-resolve) groups=104(systemd-resolve)
uid=103(systemd-bus-proxy) gid=105(systemd-bus-proxy) groups=105(systemd-bus-proxy)
uid=104(syslog) gid=108(syslog) groups=108(syslog),4(adm)
uid=105(_apt) gid=65534(nogroup) groups=65534(nogroup)
uid=106(lxd) gid=65534(nogroup) groups=65534(nogroup)
uid=107(mysql) gid=111(mysql) groups=111(mysql)
uid=108(messagebus) gid=112(messagebus) groups=112(messagebus)
uid=109(uuidd) gid=113(uuidd) groups=113(uuidd)
uid=110(dnsmasq) gid=65534(nogroup) groups=65534(nogroup)
uid=111(sshd) gid=65534(nogroup) groups=65534(nogroup)
uid=1000(onuma) gid=1000(onuma) groups=1000(onuma),24(cdrom),30(dip),46(plugdev)


[-] It looks like we have some admin users:
uid=104(syslog) gid=108(syslog) groups=108(syslog),4(adm)


[-] Contents of /etc/passwd:
root:x:0:0:root:/root:/bin/bash
daemon:x:1:1:daemon:/usr/sbin:/usr/sbin/nologin
bin:x:2:2:bin:/bin:/usr/sbin/nologin
sys:x:3:3:sys:/dev:/usr/sbin/nologin
sync:x:4:65534:sync:/bin:/bin/sync
games:x:5:60:games:/usr/games:/usr/sbin/nologin
man:x:6:12:man:/var/cache/man:/usr/sbin/nologin
lp:x:7:7:lp:/var/spool/lpd:/usr/sbin/nologin
mail:x:8:8:mail:/var/mail:/usr/sbin/nologin
news:x:9:9:news:/var/spool/news:/usr/sbin/nologin
uucp:x:10:10:uucp:/var/spool/uucp:/usr/sbin/nologin
proxy:x:13:13:proxy:/bin:/usr/sbin/nologin
www-data:x:33:33:www-data:/var/www:/usr/sbin/nologin
backup:x:34:34:backup:/var/backups:/usr/sbin/nologin
list:x:38:38:Mailing List Manager:/var/list:/usr/sbin/nologin
irc:x:39:39:ircd:/var/run/ircd:/usr/sbin/nologin
gnats:x:41:41:Gnats Bug-Reporting System (admin):/var/lib/gnats:/usr/sbin/nologin
nobody:x:65534:65534:nobody:/nonexistent:/usr/sbin/nologin
systemd-timesync:x:100:102:systemd Time Synchronization,,,:/run/systemd:/bin/false
systemd-network:x:101:103:systemd Network Management,,,:/run/systemd/netif:/bin/false
systemd-resolve:x:102:104:systemd Resolver,,,:/run/systemd/resolve:/bin/false
systemd-bus-proxy:x:103:105:systemd Bus Proxy,,,:/run/systemd:/bin/false
syslog:x:104:108::/home/syslog:/bin/false
_apt:x:105:65534::/nonexistent:/bin/false
lxd:x:106:65534::/var/lib/lxd/:/bin/false
mysql:x:107:111:MySQL Server,,,:/nonexistent:/bin/false
messagebus:x:108:112::/var/run/dbus:/bin/false
uuidd:x:109:113::/run/uuidd:/bin/false
dnsmasq:x:110:65534:dnsmasq,,,:/var/lib/misc:/bin/false
sshd:x:111:65534::/var/run/sshd:/usr/sbin/nologin
onuma:x:1000:1000:,,,:/home/onuma:/bin/bash


[-] Super user account(s):
root


[-] Accounts that have recently used sudo:
/home/onuma/.sudo_as_admin_successful


[-] Are permissions on /home directories lax:
total 12K
drwxr-xr-x  3 root  root  4.0K May 12  2022 .
drwxr-xr-x 22 root  root  4.0K May 12  2022 ..
drwxrw----  5 onuma onuma 4.0K May 12  2022 onuma


[-] Root is allowed to login via SSH:
PermitRootLogin yes


### ENVIRONMENTAL #######################################
[-] Environment information:
TAR_FORMAT=gnu
TAR_SUBCOMMAND=-c
TERM=xterm
SHELL=/bin/bash
TAR_BLOCKING_FACTOR=20
USER=onuma
SUDO_USER=www-data
SUDO_UID=33
USERNAME=onuma
MAIL=/var/mail/onuma
PATH=/usr/local/sbin:/usr/local/bin:/usr/sbin:/usr/bin:/sbin:/bin:/snap/bin
PWD=/home/onuma
LANG=C
TAR_CHECKPOINT=1
TAR_ARCHIVE=/dev/null
SHLVL=3
SUDO_COMMAND=/bin/tar cf /dev/null /dev/null --checkpoint=1 --checkpoint-action=exec=/bin/bash --checkpoint-action=exec=/bin/bashv/null
 --checkpoint=1
HOME=/home/onuma
LOGNAME=onuma
TAR_VERSION=1.28
LESSOPEN=| /usr/bin/lesspipe %s
SUDO_GID=33
LESSCLOSE=/usr/bin/lesspipe %s %s
_=/usr/bin/env


ls: cannot access '/snap/bin': No such file or directory
[-] Path information:
/usr/local/sbin:/usr/local/bin:/usr/sbin:/usr/bin:/sbin:/bin:/snap/bin
drwxr-xr-x 2 root root  4096 May 12  2022 /bin
drwxr-xr-x 2 root root 12288 May 12  2022 /sbin
drwxr-xr-x 2 root root 20480 May 12  2022 /usr/bin
drwxr-xr-x 2 root root  4096 May 12  2022 /usr/local/bin
drwxr-xr-x 2 root root  4096 May 12  2022 /usr/local/sbin
drwxr-xr-x 2 root root 12288 May 12  2022 /usr/sbin


[-] Available shells:
# /etc/shells: valid login shells
/bin/sh
/bin/dash
/bin/bash
/bin/rbash
/usr/bin/tmux
/usr/bin/screen


[-] Current umask value:
0022
u=rwx,g=rx,o=rx


[-] umask value as specified in /etc/login.defs:
UMASK           022


[-] Password and storage information:
PASS_MAX_DAYS   99999
PASS_MIN_DAYS   0
PASS_WARN_AGE   7
ENCRYPT_METHOD SHA512


### JOBS/TASKS ##########################################
[-] Cron jobs:
-rw-r--r-- 1 root root  722 Apr  5  2016 /etc/crontab

/etc/cron.d:
total 24
drwxr-xr-x  2 root root 4096 May 12  2022 .
drwxr-xr-x 94 root root 4096 May 12  2022 ..
-rw-r--r--  1 root root  102 Apr  5  2016 .placeholder
-rw-r--r--  1 root root  589 Jul 16  2014 mdadm
-rw-r--r--  1 root root  670 Mar  1  2016 php
-rw-r--r--  1 root root  190 Feb  9  2018 popularity-contest

/etc/cron.daily:
total 60
drwxr-xr-x  2 root root 4096 May 12  2022 .
drwxr-xr-x 94 root root 4096 May 12  2022 ..
-rw-r--r--  1 root root  102 Apr  5  2016 .placeholder
-rwxr-xr-x  1 root root  539 Apr  5  2016 apache2
-rwxr-xr-x  1 root root  376 Mar 31  2016 apport
-rwxr-xr-x  1 root root 1474 Jun 19  2017 apt-compat
-rwxr-xr-x  1 root root  355 May 22  2012 bsdmainutils
-rwxr-xr-x  1 root root 1597 Nov 26  2015 dpkg
-rwxr-xr-x  1 root root  372 May  6  2015 logrotate
-rwxr-xr-x  1 root root 1293 Nov  6  2015 man-db
-rwxr-xr-x  1 root root  539 Jul 16  2014 mdadm
-rwxr-xr-x  1 root root  435 Nov 18  2014 mlocate
-rwxr-xr-x  1 root root  249 Nov 12  2015 passwd
-rwxr-xr-x  1 root root 3449 Feb 26  2016 popularity-contest
-rwxr-xr-x  1 root root  214 May 24  2016 update-notifier-common

/etc/cron.hourly:
total 12
drwxr-xr-x  2 root root 4096 May 12  2022 .
drwxr-xr-x 94 root root 4096 May 12  2022 ..
-rw-r--r--  1 root root  102 Apr  5  2016 .placeholder

/etc/cron.monthly:
total 12
drwxr-xr-x  2 root root 4096 May 12  2022 .
drwxr-xr-x 94 root root 4096 May 12  2022 ..
-rw-r--r--  1 root root  102 Apr  5  2016 .placeholder

/etc/cron.weekly:
total 24
drwxr-xr-x  2 root root 4096 May 12  2022 .
drwxr-xr-x 94 root root 4096 May 12  2022 ..
-rw-r--r--  1 root root  102 Apr  5  2016 .placeholder
-rwxr-xr-x  1 root root   86 Apr 13  2016 fstrim
-rwxr-xr-x  1 root root  771 Nov  6  2015 man-db
-rwxr-xr-x  1 root root  211 May 24  2016 update-notifier-common


[-] Crontab contents:
# /etc/crontab: system-wide crontab
# Unlike any other crontab you don't have to run the `crontab'
# command to install the new version when you edit this file
# and files in /etc/cron.d. These files also have username fields,
# that none of the other crontabs do.

SHELL=/bin/sh
PATH=/usr/local/sbin:/usr/local/bin:/sbin:/bin:/usr/sbin:/usr/bin

# m h dom mon dow user  command
17 *    * * *   root    cd / && run-parts --report /etc/cron.hourly
25 6    * * *   root    test -x /usr/sbin/anacron || ( cd / && run-parts --report /etc/cron.daily )
47 6    * * 7   root    test -x /usr/sbin/anacron || ( cd / && run-parts --report /etc/cron.weekly )
52 6    1 * *   root    test -x /usr/sbin/anacron || ( cd / && run-parts --report /etc/cron.monthly )
#


[-] Systemd timers:
NEXT                         LEFT          LAST                         PASSED       UNIT                         ACTIVATES
Sun 2026-02-08 16:03:28 EST  3min 19s left Sun 2026-02-08 15:58:28 EST  1min 40s ago backuperer.timer             backuperer.service
Sun 2026-02-08 16:08:28 EST  8min left     n/a                          n/a          systemd-tmpfiles-clean.timer systemd-tmpfiles-clea
n.service
Sun 2026-02-08 19:33:56 EST  3h 33min left Sun 2026-02-08 15:53:32 EST  6min ago     apt-daily.timer              apt-daily.service
Mon 2026-02-09 06:40:48 EST  14h left      Sun 2026-02-08 15:53:32 EST  6min ago     apt-daily-upgrade.timer      apt-daily-upgrade.ser
vice

4 timers listed.
Enable thorough tests to see inactive timers


### NETWORKING  ##########################################
[-] Network and IP info:
ens192    Link encap:Ethernet  HWaddr 00:50:56:b9:84:17
          inet addr:10.129.252.229  Bcast:10.129.255.255  Mask:255.255.0.0
          UP BROADCAST RUNNING MULTICAST  MTU:1500  Metric:1
          RX packets:681 errors:0 dropped:0 overruns:0 frame:0
          TX packets:321 errors:0 dropped:0 overruns:0 carrier:0
          collisions:0 txqueuelen:1000
          RX bytes:101423 (101.4 KB)  TX bytes:37766 (37.7 KB)

lo        Link encap:Local Loopback
          inet addr:127.0.0.1  Mask:255.0.0.0
          UP LOOPBACK RUNNING  MTU:65536  Metric:1
          RX packets:168 errors:0 dropped:0 overruns:0 frame:0
          TX packets:168 errors:0 dropped:0 overruns:0 carrier:0
          collisions:0 txqueuelen:1000
          RX bytes:12448 (12.4 KB)  TX bytes:12448 (12.4 KB)


[-] ARP history:
? (10.129.0.1) at 00:50:56:b9:ac:f1 [ether] on ens192


[-] Nameserver(s):
nameserver 1.1.1.1
nameserver 8.8.8.8


[-] Default route:
default         10.129.0.1      0.0.0.0         UG    0      0        0 ens192


[-] Listening TCP:
Active Internet connections (only servers)
Proto Recv-Q Send-Q Local Address           Foreign Address         State       PID/Program name
tcp        0      0 127.0.0.1:3306          0.0.0.0:*               LISTEN      -
tcp        0      0 0.0.0.0:80              0.0.0.0:*               LISTEN      -


[-] Listening UDP:
Active Internet connections (only servers)
Proto Recv-Q Send-Q Local Address           Foreign Address         State       PID/Program name
udp        0      0 0.0.0.0:68              0.0.0.0:*                           -


### SERVICES #############################################
[-] Running processes:
USER       PID %CPU %MEM    VSZ   RSS TTY      STAT START   TIME COMMAND
root         1  0.3  0.2   6544  5036 ?        Ss   15:53   0:01 /sbin/init
root         2  0.0  0.0      0     0 ?        S    15:53   0:00 [kthreadd]
root         4  0.0  0.0      0     0 ?        I<   15:53   0:00 [kworker/0:0H]
root         6  0.0  0.0      0     0 ?        I<   15:53   0:00 [mm_percpu_wq]
root         7  0.0  0.0      0     0 ?        S    15:53   0:00 [ksoftirqd/0]
root         8  0.0  0.0      0     0 ?        I    15:53   0:00 [rcu_sched]
root         9  0.0  0.0      0     0 ?        I    15:53   0:00 [rcu_bh]
root        10  0.0  0.0      0     0 ?        S    15:53   0:00 [migration/0]
root        11  0.0  0.0      0     0 ?        S    15:53   0:00 [watchdog/0]
root        12  0.0  0.0      0     0 ?        S    15:53   0:00 [cpuhp/0]
root        13  0.0  0.0      0     0 ?        S    15:53   0:00 [kdevtmpfs]
root        14  0.0  0.0      0     0 ?        I<   15:53   0:00 [netns]
root        15  0.0  0.0      0     0 ?        S    15:53   0:00 [rcu_tasks_kthre]
root        16  0.0  0.0      0     0 ?        S    15:53   0:00 [kauditd]
root        17  0.0  0.0      0     0 ?        S    15:53   0:00 [khungtaskd]
root        18  0.0  0.0      0     0 ?        S    15:53   0:00 [oom_reaper]
root        19  0.0  0.0      0     0 ?        I<   15:53   0:00 [writeback]
root        20  0.0  0.0      0     0 ?        S    15:53   0:00 [kcompactd0]
root        21  0.0  0.0      0     0 ?        SN   15:53   0:00 [ksmd]
root        22  0.0  0.0      0     0 ?        SN   15:53   0:00 [khugepaged]
root        23  0.0  0.0      0     0 ?        I<   15:53   0:00 [crypto]
root        24  0.0  0.0      0     0 ?        I<   15:53   0:00 [kintegrityd]
root        25  0.0  0.0      0     0 ?        I<   15:53   0:00 [kblockd]
root        26  0.0  0.0      0     0 ?        I<   15:53   0:00 [ata_sff]
root        27  0.0  0.0      0     0 ?        I<   15:53   0:00 [md]
root        28  0.0  0.0      0     0 ?        I<   15:53   0:00 [edac-poller]
root        29  0.0  0.0      0     0 ?        I<   15:53   0:00 [devfreq_wq]
root        30  0.0  0.0      0     0 ?        I<   15:53   0:00 [watchdogd]
root        34  0.0  0.0      0     0 ?        S    15:53   0:00 [kswapd0]
root        35  0.0  0.0      0     0 ?        S    15:53   0:00 [ecryptfs-kthrea]
root        77  0.0  0.0      0     0 ?        I<   15:53   0:00 [kthrotld]
root        78  0.0  0.0      0     0 ?        I<   15:53   0:00 [acpi_thermal_pm]
root        79  0.0  0.0      0     0 ?        I<   15:53   0:00 [nvme-wq]
root        80  0.0  0.0      0     0 ?        S    15:53   0:00 [scsi_eh_0]
root        81  0.0  0.0      0     0 ?        I<   15:53   0:00 [scsi_tmf_0]
root        82  0.0  0.0      0     0 ?        S    15:53   0:00 [scsi_eh_1]
root        83  0.0  0.0      0     0 ?        I<   15:53   0:00 [scsi_tmf_1]
root        85  0.0  0.0      0     0 ?        I<   15:53   0:00 [ipv6_addrconf]
root        95  0.0  0.0      0     0 ?        I<   15:53   0:00 [kstrp]
root       112  0.0  0.0      0     0 ?        I<   15:53   0:00 [charger_manager]
root       174  0.0  0.0      0     0 ?        S    15:53   0:00 [scsi_eh_2]
root       175  0.0  0.0      0     0 ?        I<   15:53   0:00 [scsi_tmf_2]
root       176  0.0  0.0      0     0 ?        S    15:53   0:00 [scsi_eh_3]
root       177  0.0  0.0      0     0 ?        S    15:53   0:00 [scsi_eh_4]
root       178  0.0  0.0      0     0 ?        I<   15:53   0:00 [scsi_tmf_3]
root       179  0.0  0.0      0     0 ?        I<   15:53   0:00 [scsi_tmf_4]
root       180  0.0  0.0      0     0 ?        I<   15:53   0:00 [vmw_pvscsi_wq_3]
root       181  0.0  0.0      0     0 ?        S    15:53   0:00 [scsi_eh_5]
root       182  0.0  0.0      0     0 ?        I<   15:53   0:00 [scsi_tmf_5]
root       183  0.0  0.0      0     0 ?        S    15:53   0:00 [scsi_eh_6]
root       184  0.0  0.0      0     0 ?        I<   15:53   0:00 [scsi_tmf_6]
root       185  0.0  0.0      0     0 ?        S    15:53   0:00 [scsi_eh_7]
root       186  0.0  0.0      0     0 ?        I<   15:53   0:00 [scsi_tmf_7]
root       187  0.0  0.0      0     0 ?        S    15:53   0:00 [scsi_eh_8]
root       188  0.0  0.0      0     0 ?        I<   15:53   0:00 [scsi_tmf_8]
root       189  0.0  0.0      0     0 ?        S    15:53   0:00 [scsi_eh_9]
root       192  0.0  0.0      0     0 ?        I<   15:53   0:00 [scsi_tmf_9]
root       200  0.0  0.0      0     0 ?        S    15:53   0:00 [scsi_eh_10]
root       202  0.0  0.0      0     0 ?        I<   15:53   0:00 [scsi_tmf_10]
root       204  0.0  0.0      0     0 ?        S    15:53   0:00 [scsi_eh_11]
root       208  0.0  0.0      0     0 ?        I<   15:53   0:00 [scsi_tmf_11]
root       209  0.0  0.0      0     0 ?        I<   15:53   0:00 [ttm_swap]
root       210  0.0  0.0      0     0 ?        S    15:53   0:00 [scsi_eh_12]
root       212  0.0  0.0      0     0 ?        S    15:53   0:00 [irq/16-vmwgfx]
root       213  0.0  0.0      0     0 ?        I<   15:53   0:00 [scsi_tmf_12]
root       216  0.0  0.0      0     0 ?        S    15:53   0:00 [scsi_eh_13]
root       218  0.0  0.0      0     0 ?        I<   15:53   0:00 [scsi_tmf_13]
root       220  0.0  0.0      0     0 ?        S    15:53   0:00 [scsi_eh_14]
root       223  0.0  0.0      0     0 ?        I<   15:53   0:00 [scsi_tmf_14]
root       225  0.0  0.0      0     0 ?        S    15:53   0:00 [scsi_eh_15]
root       226  0.0  0.0      0     0 ?        I<   15:53   0:00 [kworker/0:1H]
root       227  0.0  0.0      0     0 ?        I<   15:53   0:00 [scsi_tmf_15]
root       229  0.0  0.0      0     0 ?        S    15:53   0:00 [scsi_eh_16]
root       232  0.0  0.0      0     0 ?        I<   15:53   0:00 [scsi_tmf_16]
root       234  0.0  0.0      0     0 ?        S    15:53   0:00 [scsi_eh_17]
root       236  0.0  0.0      0     0 ?        I<   15:53   0:00 [scsi_tmf_17]
root       237  0.0  0.0      0     0 ?        S    15:53   0:00 [scsi_eh_18]
root       238  0.0  0.0      0     0 ?        I<   15:53   0:00 [scsi_tmf_18]
root       239  0.0  0.0      0     0 ?        S    15:53   0:00 [scsi_eh_19]
root       240  0.0  0.0      0     0 ?        I<   15:53   0:00 [scsi_tmf_19]
root       241  0.0  0.0      0     0 ?        S    15:53   0:00 [scsi_eh_20]
root       242  0.0  0.0      0     0 ?        I<   15:53   0:00 [scsi_tmf_20]
root       243  0.0  0.0      0     0 ?        S    15:53   0:00 [scsi_eh_21]
root       244  0.0  0.0      0     0 ?        I<   15:53   0:00 [scsi_tmf_21]
root       245  0.0  0.0      0     0 ?        S    15:53   0:00 [scsi_eh_22]
root       246  0.0  0.0      0     0 ?        I<   15:53   0:00 [scsi_tmf_22]
root       247  0.0  0.0      0     0 ?        S    15:53   0:00 [scsi_eh_23]
root       248  0.0  0.0      0     0 ?        I<   15:53   0:00 [scsi_tmf_23]
root       249  0.0  0.0      0     0 ?        S    15:53   0:00 [scsi_eh_24]
root       250  0.0  0.0      0     0 ?        I<   15:53   0:00 [scsi_tmf_24]
root       251  0.0  0.0      0     0 ?        S    15:53   0:00 [scsi_eh_25]
root       252  0.0  0.0      0     0 ?        I<   15:53   0:00 [scsi_tmf_25]
root       253  0.0  0.0      0     0 ?        S    15:53   0:00 [scsi_eh_26]
root       254  0.0  0.0      0     0 ?        I<   15:53   0:00 [scsi_tmf_26]
root       255  0.0  0.0      0     0 ?        S    15:53   0:00 [scsi_eh_27]
root       256  0.0  0.0      0     0 ?        I<   15:53   0:00 [scsi_tmf_27]
root       257  0.0  0.0      0     0 ?        S    15:53   0:00 [scsi_eh_28]
root       258  0.0  0.0      0     0 ?        I<   15:53   0:00 [scsi_tmf_28]
root       259  0.0  0.0      0     0 ?        S    15:53   0:00 [scsi_eh_29]
root       260  0.0  0.0      0     0 ?        I<   15:53   0:00 [scsi_tmf_29]
root       261  0.0  0.0      0     0 ?        S    15:53   0:00 [scsi_eh_30]
root       262  0.0  0.0      0     0 ?        I<   15:53   0:00 [scsi_tmf_30]
root       263  0.0  0.0      0     0 ?        S    15:53   0:00 [scsi_eh_31]
root       264  0.0  0.0      0     0 ?        I<   15:53   0:00 [scsi_tmf_31]
root       265  0.0  0.0      0     0 ?        S    15:53   0:00 [scsi_eh_32]
root       266  0.0  0.0      0     0 ?        I<   15:53   0:00 [scsi_tmf_32]
root       291  0.0  0.0      0     0 ?        I    15:53   0:00 [kworker/u2:28]
root       292  0.0  0.0      0     0 ?        I    15:53   0:00 [kworker/u2:29]
root       365  0.0  0.0      0     0 ?        I<   15:53   0:00 [raid5wq]
root       389  0.0  0.0      0     0 ?        I<   15:53   0:00 [kdmflush]
root       390  0.0  0.0      0     0 ?        I<   15:53   0:00 [bioset]
root       399  0.0  0.0      0     0 ?        I<   15:53   0:00 [kdmflush]
root       400  0.0  0.0      0     0 ?        I<   15:53   0:00 [bioset]
root       440  0.0  0.0      0     0 ?        S    15:53   0:00 [jbd2/dm-0-8]
root       441  0.0  0.0      0     0 ?        I<   15:53   0:00 [ext4-rsv-conver]
root       485  0.1  0.1   7044  2804 ?        Ss   15:53   0:00 /lib/systemd/systemd-journald
root       495  0.0  0.0      0     0 ?        I    15:53   0:00 [kworker/0:2]
root       498  0.0  0.0      0     0 ?        I<   15:53   0:00 [iscsi_eh]
root       500  0.0  0.0      0     0 ?        I<   15:53   0:00 [ib-comp-wq]
root       501  0.0  0.0      0     0 ?        I<   15:53   0:00 [ib_mcast]
root       502  0.0  0.0      0     0 ?        I<   15:53   0:00 [ib_nl_sa_wq]
root       509  0.0  0.0      0     0 ?        I    15:53   0:00 [kworker/0:6]
root       511  0.0  0.0  21480  1368 ?        Ss   15:53   0:00 /sbin/lvmetad -f
root       513  0.0  0.1  13952  3400 ?        Ss   15:53   0:00 /lib/systemd/systemd-udevd
root       517  0.0  0.0      0     0 ?        I<   15:53   0:00 [rdma_cm]
root       734  0.0  0.0      0     0 ?        I<   15:53   0:00 [ext4-rsv-conver]
systemd+   752  0.0  0.1  12600  2360 ?        Ssl  15:53   0:00 /lib/systemd/systemd-timesyncd
message+   875  0.0  0.1   6052  3944 ?        Ss   15:53   0:00 /usr/bin/dbus-daemon --system --address=systemd: --nofork --nopidfile
--systemd-activation
daemon     893  0.0  0.0   3484  1944 ?        Ss   15:53   0:00 /usr/sbin/atd -f
root       894  0.0  0.2  37672  5952 ?        Ssl  15:53   0:00 /usr/lib/accountsservice/accounts-daemon
syslog     900  0.0  0.1  30728  3044 ?        Ssl  15:53   0:00 /usr/sbin/rsyslogd -n
root       901  0.0  0.0  20368  1504 ?        Ssl  15:53   0:00 /usr/bin/lxcfs /var/lib/lxcfs/
root       902  0.0  0.5 854564 11952 ?        Ssl  15:53   0:00 /usr/lib/snapd/snapd
root       903  0.0  0.0   3800  1128 ?        Ss   15:53   0:00 /lib/systemd/systemd-logind
root       904  0.0  0.1   5584  2668 ?        Ss   15:53   0:00 /usr/sbin/cron -f
root       905  0.4  0.4  52144  8784 ?        Ssl  15:53   0:01 /usr/bin/vmtoolsd
root       906  0.0  0.0   2248  1116 ?        Ss   15:53   0:00 /usr/sbin/acpid
root      1016  0.0  0.0   3136   120 ?        Ss   15:53   0:00 /sbin/mdadm --monitor --pid-file /run/mdadm/monitor.pid --daemonise --
scan --syslog
root      1053  0.0  0.2  35768  5740 ?        Ssl  15:53   0:00 /usr/lib/policykit-1/polkitd --no-debug
root      1157  0.0  0.0   6016   608 ?        Ss   15:53   0:00 /sbin/dhclient -1 -v -pf /run/dhclient.ens192.pid -lf /var/lib/dhcp/dh
client.ens192.leases -I -df /var/lib/dhcp/dhclient6.ens192.leases ens192
root      1243  0.0  0.0   2988   120 ?        Ss   15:53   0:00 /sbin/iscsid
root      1244  0.0  0.1   3448  2880 ?        S<Ls 15:53   0:00 /sbin/iscsid
mysql     1251  0.0  5.8 534896 120424 ?       Ssl  15:53   0:00 /usr/sbin/mysqld
root      1281  0.0  0.0   4752  1556 tty1     Ss+  15:53   0:00 /sbin/agetty --noclear tty1 linux
root      1348  0.0  1.1 120160 24504 ?        Ss   15:53   0:00 /usr/sbin/apache2 -k start
www-data  1352  0.0  0.3 120192  7048 ?        S    15:53   0:00 /usr/sbin/apache2 -k start
www-data  1353  0.0  0.5 120404 11948 ?        S    15:53   0:00 /usr/sbin/apache2 -k start
www-data  1354  0.0  0.3 120192  7044 ?        S    15:53   0:00 /usr/sbin/apache2 -k start
www-data  1355  0.0  0.3 120192  7044 ?        S    15:53   0:00 /usr/sbin/apache2 -k start
www-data  1356  0.0  0.3 120192  7044 ?        S    15:53   0:00 /usr/sbin/apache2 -k start
www-data  1481  0.0  0.0   2372   628 ?        S    15:57   0:00 sh -c uname -a; w; id; /bin/bash -i
www-data  1485  0.0  0.1   3760  2896 ?        S    15:57   0:00 /bin/bash -i
www-data  1489  0.0  0.3 120192  7048 ?        S    15:57   0:00 /usr/sbin/apache2 -k start
root      1490  0.0  0.1   4924  3380 ?        S    15:57   0:00 sudo -u onuma tar cf /dev/null /dev/null --checkpoint=1 --checkpoint-a
ction=exec=/bin/bash --checkpoint-action=exec=/bin/bashv/null --checkpoint=1
onuma     1491  0.0  0.1   3704  2292 ?        S    15:57   0:00 tar cf /dev/null /dev/null --checkpoint=1 --checkpoint-action=exec=/bi
n/bash --checkpoint-action=exec=/bin/bashv/null --checkpoint=1
onuma     1492  0.0  0.0   3364   764 ?        S    15:57   0:00 /bin/bash
onuma     1493  0.0  0.3   9636  7212 ?        S    15:57   0:00 python3 -c import pty;pty.spawn("/bin/bash")
onuma     1495  0.0  0.1   4760  3920 pts/0    Ss   15:57   0:00 /bin/bash
root      1627  0.1  0.0      0     0 ?        I    15:58   0:00 [kworker/0:0]
root      1713  0.0  0.0      0     0 ?        I    15:59   0:00 [kworker/u2:0]
onuma     1728  0.5  0.1   4116  2928 pts/0    S+   16:00   0:00 bash
onuma     1729  0.0  0.1   4164  3116 pts/0    S+   16:00   0:00 bash
onuma     1730  0.0  0.0   2232   588 pts/0    S+   16:00   0:00 tee -a
onuma     1923  0.0  0.1   4148  2416 pts/0    S+   16:00   0:00 bash
onuma     1924  0.0  0.1   5680  2748 pts/0    R+   16:00   0:00 ps aux


[-] Process binaries and associated permissions (from above list):
-rwxr-xr-x 1 root root  1109564 May 16  2017 /bin/bash
-rwxr-xr-x 1 root root   349960 Mar  8  2018 /lib/systemd/systemd-journald
-rwxr-xr-x 1 root root   641532 Mar  8  2018 /lib/systemd/systemd-logind
-rwxr-xr-x 1 root root   149252 Mar  8  2018 /lib/systemd/systemd-timesyncd
-rwxr-xr-x 1 root root   452404 Mar  8  2018 /lib/systemd/systemd-udevd
-rwxr-xr-x 1 root root    38828 Nov 30  2017 /sbin/agetty
-rwxr-xr-x 1 root root   564644 Mar  5  2018 /sbin/dhclient
lrwxrwxrwx 1 root root       20 Mar  8  2018 /sbin/init -> /lib/systemd/systemd
-rwxr-xr-x 1 root root   727796 Jul 26  2017 /sbin/iscsid
-rwxr-xr-x 1 root root    54708 Apr 16  2016 /sbin/lvmetad
-rwxr-xr-x 1 root root   598044 Nov  8  2017 /sbin/mdadm
-rwxr-xr-x 1 root root   259940 Jan 12  2017 /usr/bin/dbus-daemon
-rwxr-xr-x 1 root root    17820 Nov  8  2017 /usr/bin/lxcfs
-rwxr-xr-x 1 root root    43188 Feb 15  2018 /usr/bin/vmtoolsd
-rwxr-xr-x 1 root root   170936 Nov  3  2016 /usr/lib/accountsservice/accounts-daemon
-rwxr-xr-x 1 root root     9992 Jan 17  2016 /usr/lib/policykit-1/polkitd
-rwxr-xr-x 1 root root 12287396 Apr 11  2018 /usr/lib/snapd/snapd
-rwxr-xr-x 1 root root    51068 Apr  8  2016 /usr/sbin/acpid
-rwxr-xr-x 1 root root   647152 Apr 18  2018 /usr/sbin/apache2
-rwxr-xr-x 1 root root    21880 Jan 14  2016 /usr/sbin/atd
-rwxr-xr-x 1 root root    43128 Apr  5  2016 /usr/sbin/cron
-rwxr-xr-x 1 root root 24295748 Apr 20  2018 /usr/sbin/mysqld
-rwxr-xr-x 1 root root   670548 Apr  5  2016 /usr/sbin/rsyslogd


[-] /etc/init.d/ binary permissions:
total 316
drwxr-xr-x  2 root root 4096 May 12  2022 .
drwxr-xr-x 94 root root 4096 May 12  2022 ..
-rw-r--r--  1 root root 1260 May 12  2022 .depend.boot
-rw-r--r--  1 root root  932 May 12  2022 .depend.start
-rw-r--r--  1 root root 1129 May 12  2022 .depend.stop
-rw-r--r--  1 root root 2427 Jan 19  2016 README
-rwxr-xr-x  1 root root 2243 Feb  9  2016 acpid
-rwxr-xr-x  1 root root 2210 Apr  5  2016 apache-htcacheclean
-rwxr-xr-x  1 root root 8087 Apr  5  2016 apache2
-rwxr-xr-x  1 root root 6223 Mar  3  2017 apparmor
-rwxr-xr-x  1 root root 2802 Jan  2  2018 apport
-rwxr-xr-x  1 root root 1071 Dec  6  2015 atd
-rwxr-xr-x  1 root root 1275 Jan 19  2016 bootmisc.sh
-rwxr-xr-x  1 root root 3807 Jan 19  2016 checkfs.sh
-rwxr-xr-x  1 root root 1098 Jan 19  2016 checkroot-bootclean.sh
-rwxr-xr-x  1 root root 9353 Jan 19  2016 checkroot.sh
-rwxr-xr-x  1 root root 1343 Apr  4  2016 console-setup
-rwxr-xr-x  1 root root 3049 Apr  5  2016 cron
-rwxr-xr-x  1 root root  937 Mar 28  2015 cryptdisks
-rwxr-xr-x  1 root root  896 Mar 28  2015 cryptdisks-early
-rwxr-xr-x  1 root root 2813 Dec  1  2015 dbus
-rwxr-xr-x  1 root root 1105 Mar 15  2016 grub-common
-rwxr-xr-x  1 root root 1336 Jan 19  2016 halt
-rwxr-xr-x  1 root root 1423 Jan 19  2016 hostname.sh
-rwxr-xr-x  1 root root 3809 Mar 12  2016 hwclock.sh
-rwxr-xr-x  1 root root 2372 Apr 11  2016 irqbalance
-rwxr-xr-x  1 root root 1503 Mar 29  2016 iscsid
-rwxr-xr-x  1 root root 1804 Apr  4  2016 keyboard-setup
-rwxr-xr-x  1 root root 1300 Jan 19  2016 killprocs
-rwxr-xr-x  1 root root 2087 Dec 20  2015 kmod
-rwxr-xr-x  1 root root  695 Oct 30  2015 lvm2
-rwxr-xr-x  1 root root  571 Oct 30  2015 lvm2-lvmetad
-rwxr-xr-x  1 root root  586 Oct 30  2015 lvm2-lvmpolld
-rwxr-xr-x  1 root root 2378 Nov  8  2017 lxcfs
-rwxr-xr-x  1 root root 2539 Jun  8  2017 lxd
-rwxr-xr-x  1 root root 2365 Oct  9  2017 mdadm
-rwxr-xr-x  1 root root 1199 Jul 16  2014 mdadm-waitidle
-rwxr-xr-x  1 root root  703 Jan 19  2016 mountall-bootclean.sh
-rwxr-xr-x  1 root root 2301 Jan 19  2016 mountall.sh
-rwxr-xr-x  1 root root 1461 Jan 19  2016 mountdevsubfs.sh
-rwxr-xr-x  1 root root 1564 Jan 19  2016 mountkernfs.sh
-rwxr-xr-x  1 root root  711 Jan 19  2016 mountnfs-bootclean.sh
-rwxr-xr-x  1 root root 2456 Jan 19  2016 mountnfs.sh
-rwxr-xr-x  1 root root 5607 Feb  3  2017 mysql
-rwxr-xr-x  1 root root 4771 Jul 19  2015 networking
-rwxr-xr-x  1 root root 1581 Oct 15  2015 ondemand
-rwxr-xr-x  1 root root 2503 Mar 29  2016 open-iscsi
-rwxr-xr-x  1 root root 1578 Sep 18  2016 open-vm-tools
-rwxr-xr-x  1 root root 1366 Nov 15  2015 plymouth
-rwxr-xr-x  1 root root  752 Nov 15  2015 plymouth-log
-rwxr-xr-x  1 root root 1192 Sep  6  2015 procps
-rwxr-xr-x  1 root root 6366 Jan 19  2016 rc
-rwxr-xr-x  1 root root  820 Jan 19  2016 rc.local
-rwxr-xr-x  1 root root  117 Jan 19  2016 rcS
-rwxr-xr-x  1 root root  661 Jan 19  2016 reboot
-rwxr-xr-x  1 root root 4149 Nov 23  2015 resolvconf
-rwxr-xr-x  1 root root 4355 Jul 10  2014 rsync
-rwxr-xr-x  1 root root 2796 Feb  3  2016 rsyslog
-rwxr-xr-x  1 root root 1226 Jun  9  2015 screen-cleanup
-rwxr-xr-x  1 root root 3927 Jan 19  2016 sendsigs
-rwxr-xr-x  1 root root  597 Jan 19  2016 single
-rw-r--r--  1 root root 1087 Jan 19  2016 skeleton
-rwxr-xr-x  1 root root 4077 Mar 16  2017 ssh
-rwxr-xr-x  1 root root 6087 Apr 12  2016 udev
-rwxr-xr-x  1 root root 2737 Jan 19  2016 umountfs
-rwxr-xr-x  1 root root 2202 Jan 19  2016 umountnfs.sh
-rwxr-xr-x  1 root root 1879 Jan 19  2016 umountroot
-rwxr-xr-x  1 root root 3111 Jan 19  2016 urandom
-rwxr-xr-x  1 root root 1306 Jun 14  2017 uuidd


[-] /etc/init/ config file permissions:
total 156
drwxr-xr-x  2 root root 4096 May 12  2022 .
drwxr-xr-x 94 root root 4096 May 12  2022 ..
-rw-r--r--  1 root root  338 Apr  8  2016 acpid.conf
-rw-r--r--  1 root root 3709 Mar  3  2017 apparmor.conf
-rw-r--r--  1 root root 1629 Jan  2  2018 apport.conf
-rw-r--r--  1 root root  250 Apr  4  2016 console-font.conf
-rw-r--r--  1 root root  509 Apr  4  2016 console-setup.conf
-rw-r--r--  1 root root  297 Apr  5  2016 cron.conf
-rw-r--r--  1 root root  412 Mar 28  2015 cryptdisks-udev.conf
-rw-r--r--  1 root root 1519 Mar 28  2015 cryptdisks.conf
-rw-r--r--  1 root root  482 Sep  1  2015 dbus.conf
-rw-r--r--  1 root root 1247 Jun  1  2015 friendly-recovery.conf
-rw-r--r--  1 root root  284 Jul 23  2013 hostname.conf
-rw-r--r--  1 root root  300 May 21  2014 hostname.sh.conf
-rw-r--r--  1 root root  561 Mar 14  2016 hwclock-save.conf
-rw-r--r--  1 root root  674 Mar 14  2016 hwclock.conf
-rw-r--r--  1 root root  109 Mar 14  2016 hwclock.sh.conf
-rw-r--r--  1 root root  597 Apr 11  2016 irqbalance.conf
-rw-r--r--  1 root root  689 Aug 20  2015 kmod.conf
-rw-r--r--  1 root root  540 Jul  5  2017 lxcfs.conf
-rw-r--r--  1 root root  811 Jun  8  2017 lxd.conf
-rw-r--r--  1 root root 1757 Feb  3  2017 mysql.conf
-rw-r--r--  1 root root  530 Jun  2  2015 network-interface-container.conf
-rw-r--r--  1 root root 1756 Jun  2  2015 network-interface-security.conf
-rw-r--r--  1 root root  933 Jun  2  2015 network-interface.conf
-rw-r--r--  1 root root 2493 Jun  2  2015 networking.conf
-rw-r--r--  1 root root  568 Feb  1  2016 passwd.conf
-rw-r--r--  1 root root  363 Jun  5  2014 procps-instance.conf
-rw-r--r--  1 root root  119 Jun  5  2014 procps.conf
-rw-r--r--  1 root root  457 Jun  3  2015 resolvconf.conf
-rw-r--r--  1 root root  426 Dec  2  2015 rsyslog.conf
-rw-r--r--  1 root root  230 Apr  4  2016 setvtrgb.conf
-rw-r--r--  1 root root  641 Mar 16  2017 ssh.conf
-rw-r--r--  1 root root    7 Feb 21  2018 ssh.override
-rw-r--r--  1 root root  337 Apr 12  2016 udev.conf
-rw-r--r--  1 root root  360 Apr 12  2016 udevmonitor.conf
-rw-r--r--  1 root root  352 Apr 12  2016 udevtrigger.conf
-rw-r--r--  1 root root  683 Feb 24  2015 ureadahead-other.conf
-rw-r--r--  1 root root  889 Feb 24  2015 ureadahead.conf


[-] /lib/systemd/* config file permissions:
/lib/systemd/:
total 8.4M
drwxr-xr-x 27 root root  36K May 12  2022 system
drwxr-xr-x  2 root root 4.0K May  1  2018 system-generators
drwxr-xr-x  2 root root 4.0K May  1  2018 system-sleep
drwxr-xr-x  2 root root 4.0K May  1  2018 network
drwxr-xr-x  2 root root 4.0K May  1  2018 system-preset
-rwxr-xr-x  1 root root 442K Mar  8  2018 systemd-udevd
-rwxr-xr-x  1 root root 1.5M Mar  8  2018 systemd
-rwxr-xr-x  1 root root  50K Mar  8  2018 systemd-binfmt
-rwxr-xr-x  1 root root 279K Mar  8  2018 systemd-cgroups-agent
-rwxr-xr-x  1 root root 627K Mar  8  2018 systemd-logind
-rwxr-xr-x  1 root root 122K Mar  8  2018 systemd-networkd-wait-online
-rwxr-xr-x  1 root root 671K Mar  8  2018 systemd-resolved
-rwxr-xr-x  1 root root 142K Mar  8  2018 systemd-shutdown
-rwxr-xr-x  1 root root  74K Mar  8  2018 systemd-sleep
-rwxr-xr-x  1 root root 347K Mar  8  2018 systemd-timedated
-rwxr-xr-x  1 root root  14K Mar  8  2018 systemd-ac-power
-rwxr-xr-x  1 root root 102K Mar  8  2018 systemd-bootchart
-rwxr-xr-x  1 root root 367K Mar  8  2018 systemd-bus-proxyd
-rwxr-xr-x  1 root root  90K Mar  8  2018 systemd-cryptsetup
-rwxr-xr-x  1 root root 307K Mar  8  2018 systemd-fsck
-rwxr-xr-x  1 root root  74K Mar  8  2018 systemd-fsckd
-rwxr-xr-x  1 root root  30K Mar  8  2018 systemd-hibernate-resume
-rwxr-xr-x  1 root root 347K Mar  8  2018 systemd-hostnamed
-rwxr-xr-x  1 root root 283K Mar  8  2018 systemd-initctl
-rwxr-xr-x  1 root root 342K Mar  8  2018 systemd-journald
-rwxr-xr-x  1 root root 355K Mar  8  2018 systemd-localed
-rwxr-xr-x  1 root root  54K Mar  8  2018 systemd-modules-load
-rwxr-xr-x  1 root root 859K Mar  8  2018 systemd-networkd
-rwxr-xr-x  1 root root  30K Mar  8  2018 systemd-quotacheck
-rwxr-xr-x  1 root root  34K Mar  8  2018 systemd-random-seed
-rwxr-xr-x  1 root root  54K Mar  8  2018 systemd-remount-fs
-rwxr-xr-x  1 root root  30K Mar  8  2018 systemd-reply-password
-rwxr-xr-x  1 root root  98K Mar  8  2018 systemd-socket-proxyd
-rwxr-xr-x  1 root root  54K Mar  8  2018 systemd-sysctl
-rwxr-xr-x  1 root root 146K Mar  8  2018 systemd-timesyncd
-rwxr-xr-x  1 root root  34K Mar  8  2018 systemd-user-sessions
-rwxr-xr-x  1 root root  50K Mar  8  2018 systemd-activate
-rwxr-xr-x  1 root root  94K Mar  8  2018 systemd-backlight
-rwxr-xr-x  1 root root  94K Mar  8  2018 systemd-rfkill
-rwxr-xr-x  1 root root 283K Mar  8  2018 systemd-update-utmp
-rwxr-xr-x  1 root root 1.3K Feb 21  2018 systemd-sysv-install
drwxr-xr-x  2 root root 4.0K Feb  9  2018 system-shutdown

/lib/systemd/system:
total 940K
drwxr-xr-x 2 root root 4.0K May  1  2018 halt.target.wants
drwxr-xr-x 2 root root 4.0K May  1  2018 kexec.target.wants
drwxr-xr-x 2 root root 4.0K May  1  2018 poweroff.target.wants
drwxr-xr-x 2 root root 4.0K May  1  2018 sysinit.target.wants
drwxr-xr-x 2 root root 4.0K May  1  2018 initrd-switch-root.target.wants
drwxr-xr-x 2 root root 4.0K May  1  2018 multi-user.target.wants
drwxr-xr-x 2 root root 4.0K May  1  2018 reboot.target.wants
drwxr-xr-x 2 root root 4.0K May  1  2018 apache2.service.d
drwxr-xr-x 2 root root 4.0K May  1  2018 sockets.target.wants
drwxr-xr-x 2 root root 4.0K May  1  2018 getty.target.wants
drwxr-xr-x 2 root root 4.0K May  1  2018 graphical.target.wants
drwxr-xr-x 2 root root 4.0K May  1  2018 local-fs.target.wants
drwxr-xr-x 2 root root 4.0K May  1  2018 rescue.target.wants
drwxr-xr-x 2 root root 4.0K May  1  2018 resolvconf.service.wants
drwxr-xr-x 2 root root 4.0K May  1  2018 sigpwr.target.wants
drwxr-xr-x 2 root root 4.0K May  1  2018 timers.target.wants
drwxr-xr-x 2 root root 4.0K May  1  2018 rc-local.service.d
drwxr-xr-x 2 root root 4.0K May  1  2018 systemd-resolved.service.d
drwxr-xr-x 2 root root 4.0K May  1  2018 systemd-timesyncd.service.d
-rw-r--r-- 1 root root  252 Apr 11  2018 snapd.autoimport.service
-rw-r--r-- 1 root root  386 Apr 11  2018 snapd.core-fixup.service
-rw-r--r-- 1 root root  308 Apr 11  2018 snapd.service
-rw-r--r-- 1 root root  287 Apr 11  2018 snapd.snap-repair.service
-rw-r--r-- 1 root root  281 Apr 11  2018 snapd.snap-repair.timer
-rw-r--r-- 1 root root  281 Apr 11  2018 snapd.socket
-rw-r--r-- 1 root root  474 Apr 11  2018 snapd.system-shutdown.service
-rw-r--r-- 1 root root  246 Apr  5  2018 apport-forward.socket
lrwxrwxrwx 1 root root   27 Apr  3  2018 plymouth-log.service -> plymouth-read-write.service
lrwxrwxrwx 1 root root   21 Apr  3  2018 plymouth.service -> plymouth-quit.service
-rw-r--r-- 1 root root  412 Apr  3  2018 plymouth-halt.service
-rw-r--r-- 1 root root  426 Apr  3  2018 plymouth-kexec.service
-rw-r--r-- 1 root root  421 Apr  3  2018 plymouth-poweroff.service
-rw-r--r-- 1 root root  200 Apr  3  2018 plymouth-quit-wait.service
-rw-r--r-- 1 root root  194 Apr  3  2018 plymouth-quit.service
-rw-r--r-- 1 root root  244 Apr  3  2018 plymouth-read-write.service
-rw-r--r-- 1 root root  416 Apr  3  2018 plymouth-reboot.service
-rw-r--r-- 1 root root  532 Apr  3  2018 plymouth-start.service
-rw-r--r-- 1 root root  291 Apr  3  2018 plymouth-switch-root.service
-rw-r--r-- 1 root root  490 Apr  3  2018 systemd-ask-password-plymouth.path
-rw-r--r-- 1 root root  467 Apr  3  2018 systemd-ask-password-plymouth.service
lrwxrwxrwx 1 root root   21 Mar  8  2018 udev.service -> systemd-udevd.service
lrwxrwxrwx 1 root root   14 Mar  8  2018 autovt@.service -> getty@.service
lrwxrwxrwx 1 root root    9 Mar  8  2018 bootlogd.service -> /dev/null
lrwxrwxrwx 1 root root    9 Mar  8  2018 bootlogs.service -> /dev/null
lrwxrwxrwx 1 root root    9 Mar  8  2018 bootmisc.service -> /dev/null
lrwxrwxrwx 1 root root    9 Mar  8  2018 checkfs.service -> /dev/null
lrwxrwxrwx 1 root root    9 Mar  8  2018 checkroot-bootclean.service -> /dev/null
lrwxrwxrwx 1 root root    9 Mar  8  2018 checkroot.service -> /dev/null
lrwxrwxrwx 1 root root    9 Mar  8  2018 cryptdisks-early.service -> /dev/null
lrwxrwxrwx 1 root root    9 Mar  8  2018 cryptdisks.service -> /dev/null
lrwxrwxrwx 1 root root   13 Mar  8  2018 ctrl-alt-del.target -> reboot.target
lrwxrwxrwx 1 root root   25 Mar  8  2018 dbus-org.freedesktop.hostname1.service -> systemd-hostnamed.service
lrwxrwxrwx 1 root root   23 Mar  8  2018 dbus-org.freedesktop.locale1.service -> systemd-localed.service
lrwxrwxrwx 1 root root   22 Mar  8  2018 dbus-org.freedesktop.login1.service -> systemd-logind.service
lrwxrwxrwx 1 root root   24 Mar  8  2018 dbus-org.freedesktop.network1.service -> systemd-networkd.service
lrwxrwxrwx 1 root root   24 Mar  8  2018 dbus-org.freedesktop.resolve1.service -> systemd-resolved.service
lrwxrwxrwx 1 root root   25 Mar  8  2018 dbus-org.freedesktop.timedate1.service -> systemd-timedated.service
lrwxrwxrwx 1 root root   16 Mar  8  2018 default.target -> graphical.target
lrwxrwxrwx 1 root root    9 Mar  8  2018 fuse.service -> /dev/null
lrwxrwxrwx 1 root root    9 Mar  8  2018 halt.service -> /dev/null
lrwxrwxrwx 1 root root    9 Mar  8  2018 hostname.service -> /dev/null
lrwxrwxrwx 1 root root    9 Mar  8  2018 hwclock.service -> /dev/null
lrwxrwxrwx 1 root root    9 Mar  8  2018 killprocs.service -> /dev/null
lrwxrwxrwx 1 root root   28 Mar  8  2018 kmod.service -> systemd-modules-load.service
lrwxrwxrwx 1 root root   28 Mar  8  2018 module-init-tools.service -> systemd-modules-load.service
lrwxrwxrwx 1 root root    9 Mar  8  2018 motd.service -> /dev/null
lrwxrwxrwx 1 root root    9 Mar  8  2018 mountall-bootclean.service -> /dev/null
lrwxrwxrwx 1 root root    9 Mar  8  2018 mountall.service -> /dev/null
lrwxrwxrwx 1 root root    9 Mar  8  2018 mountdevsubfs.service -> /dev/null
lrwxrwxrwx 1 root root    9 Mar  8  2018 mountkernfs.service -> /dev/null
lrwxrwxrwx 1 root root    9 Mar  8  2018 mountnfs-bootclean.service -> /dev/null
lrwxrwxrwx 1 root root    9 Mar  8  2018 mountnfs.service -> /dev/null
lrwxrwxrwx 1 root root   22 Mar  8  2018 procps.service -> systemd-sysctl.service
lrwxrwxrwx 1 root root   16 Mar  8  2018 rc.local.service -> rc-local.service
lrwxrwxrwx 1 root root    9 Mar  8  2018 rc.service -> /dev/null
lrwxrwxrwx 1 root root    9 Mar  8  2018 rcS.service -> /dev/null
lrwxrwxrwx 1 root root    9 Mar  8  2018 reboot.service -> /dev/null
lrwxrwxrwx 1 root root    9 Mar  8  2018 rmnologin.service -> /dev/null
lrwxrwxrwx 1 root root   15 Mar  8  2018 runlevel0.target -> poweroff.target
lrwxrwxrwx 1 root root   13 Mar  8  2018 runlevel1.target -> rescue.target
lrwxrwxrwx 1 root root   17 Mar  8  2018 runlevel2.target -> multi-user.target
lrwxrwxrwx 1 root root   17 Mar  8  2018 runlevel3.target -> multi-user.target
lrwxrwxrwx 1 root root   17 Mar  8  2018 runlevel4.target -> multi-user.target
lrwxrwxrwx 1 root root   16 Mar  8  2018 runlevel5.target -> graphical.target
lrwxrwxrwx 1 root root   13 Mar  8  2018 runlevel6.target -> reboot.target
lrwxrwxrwx 1 root root    9 Mar  8  2018 sendsigs.service -> /dev/null
lrwxrwxrwx 1 root root    9 Mar  8  2018 single.service -> /dev/null
lrwxrwxrwx 1 root root    9 Mar  8  2018 stop-bootlogd-single.service -> /dev/null
lrwxrwxrwx 1 root root    9 Mar  8  2018 stop-bootlogd.service -> /dev/null
lrwxrwxrwx 1 root root    9 Mar  8  2018 umountfs.service -> /dev/null
lrwxrwxrwx 1 root root    9 Mar  8  2018 umountnfs.service -> /dev/null
lrwxrwxrwx 1 root root    9 Mar  8  2018 umountroot.service -> /dev/null
lrwxrwxrwx 1 root root   27 Mar  8  2018 urandom.service -> systemd-random-seed.service
lrwxrwxrwx 1 root root    9 Mar  8  2018 x11-common.service -> /dev/null
-rw-r--r-- 1 root root  403 Mar  8  2018 -.slice
-rw-r--r-- 1 root root  879 Mar  8  2018 basic.target
-rw-r--r-- 1 root root  379 Mar  8  2018 bluetooth.target
-rw-r--r-- 1 root root  358 Mar  8  2018 busnames.target
-rw-r--r-- 1 root root  770 Mar  8  2018 console-getty.service
-rw-r--r-- 1 root root  742 Mar  8  2018 console-shell.service
-rw-r--r-- 1 root root  791 Mar  8  2018 container-getty@.service
-rw-r--r-- 1 root root  394 Mar  8  2018 cryptsetup-pre.target
-rw-r--r-- 1 root root  366 Mar  8  2018 cryptsetup.target
-rw-r--r-- 1 root root 1010 Mar  8  2018 debug-shell.service
-rw-r--r-- 1 root root  670 Mar  8  2018 dev-hugepages.mount
-rw-r--r-- 1 root root  624 Mar  8  2018 dev-mqueue.mount
-rw-r--r-- 1 root root 1009 Mar  8  2018 emergency.service
-rw-r--r-- 1 root root  431 Mar  8  2018 emergency.target
-rw-r--r-- 1 root root  501 Mar  8  2018 exit.target
-rw-r--r-- 1 root root  440 Mar  8  2018 final.target
-rw-r--r-- 1 root root  460 Mar  8  2018 getty.target
-rw-r--r-- 1 root root 1.5K Mar  8  2018 getty@.service
-rw-r--r-- 1 root root  558 Mar  8  2018 graphical.target
-rw-r--r-- 1 root root  487 Mar  8  2018 halt.target
-rw-r--r-- 1 root root  447 Mar  8  2018 hibernate.target
-rw-r--r-- 1 root root  468 Mar  8  2018 hybrid-sleep.target
-rw-r--r-- 1 root root  630 Mar  8  2018 initrd-cleanup.service
-rw-r--r-- 1 root root  553 Mar  8  2018 initrd-fs.target
-rw-r--r-- 1 root root  790 Mar  8  2018 initrd-parse-etc.service
-rw-r--r-- 1 root root  526 Mar  8  2018 initrd-root-fs.target
-rw-r--r-- 1 root root  640 Mar  8  2018 initrd-switch-root.service
-rw-r--r-- 1 root root  691 Mar  8  2018 initrd-switch-root.target
-rw-r--r-- 1 root root  664 Mar  8  2018 initrd-udevadm-cleanup-db.service
-rw-r--r-- 1 root root  671 Mar  8  2018 initrd.target
-rw-r--r-- 1 root root  501 Mar  8  2018 kexec.target
-rw-r--r-- 1 root root  677 Mar  8  2018 kmod-static-nodes.service
-rw-r--r-- 1 root root  395 Mar  8  2018 local-fs-pre.target
-rw-r--r-- 1 root root  507 Mar  8  2018 local-fs.target
-rw-r--r-- 1 root root  405 Mar  8  2018 machine.slice
-rw-r--r-- 1 root root  473 Mar  8  2018 mail-transport-agent.target
-rw-r--r-- 1 root root  492 Mar  8  2018 multi-user.target
-rw-r--r-- 1 root root  464 Mar  8  2018 network-online.target
-rw-r--r-- 1 root root  461 Mar  8  2018 network-pre.target
-rw-r--r-- 1 root root  480 Mar  8  2018 network.target
-rw-r--r-- 1 root root  514 Mar  8  2018 nss-lookup.target
-rw-r--r-- 1 root root  473 Mar  8  2018 nss-user-lookup.target
-rw-r--r-- 1 root root  354 Mar  8  2018 paths.target
-rw-r--r-- 1 root root  552 Mar  8  2018 poweroff.target
-rw-r--r-- 1 root root  377 Mar  8  2018 printer.target
-rw-r--r-- 1 root root  693 Mar  8  2018 proc-sys-fs-binfmt_misc.automount
-rw-r--r-- 1 root root  603 Mar  8  2018 proc-sys-fs-binfmt_misc.mount
-rw-r--r-- 1 root root  568 Mar  8  2018 quotaon.service
-rw-r--r-- 1 root root  612 Mar  8  2018 rc-local.service
-rw-r--r-- 1 root root  543 Mar  8  2018 reboot.target
-rw-r--r-- 1 root root  396 Mar  8  2018 remote-fs-pre.target
-rw-r--r-- 1 root root  482 Mar  8  2018 remote-fs.target
-rw-r--r-- 1 root root  978 Mar  8  2018 rescue.service
-rw-r--r-- 1 root root  486 Mar  8  2018 rescue.target
-rw-r--r-- 1 root root  500 Mar  8  2018 rpcbind.target
-rw-r--r-- 1 root root 1.1K Mar  8  2018 serial-getty@.service
-rw-r--r-- 1 root root  402 Mar  8  2018 shutdown.target
-rw-r--r-- 1 root root  362 Mar  8  2018 sigpwr.target
-rw-r--r-- 1 root root  420 Mar  8  2018 sleep.target
-rw-r--r-- 1 root root  409 Mar  8  2018 slices.target
-rw-r--r-- 1 root root  380 Mar  8  2018 smartcard.target
-rw-r--r-- 1 root root  356 Mar  8  2018 sockets.target
-rw-r--r-- 1 root root  380 Mar  8  2018 sound.target
-rw-r--r-- 1 root root  441 Mar  8  2018 suspend.target
-rw-r--r-- 1 root root  353 Mar  8  2018 swap.target
-rw-r--r-- 1 root root  715 Mar  8  2018 sys-fs-fuse-connections.mount
-rw-r--r-- 1 root root  719 Mar  8  2018 sys-kernel-config.mount
-rw-r--r-- 1 root root  662 Mar  8  2018 sys-kernel-debug.mount
-rw-r--r-- 1 root root  518 Mar  8  2018 sysinit.target
-rw-r--r-- 1 root root 1.3K Mar  8  2018 syslog.socket
-rw-r--r-- 1 root root  585 Mar  8  2018 system-update.target
-rw-r--r-- 1 root root  436 Mar  8  2018 system.slice
-rw-r--r-- 1 root root  646 Mar  8  2018 systemd-ask-password-console.path
-rw-r--r-- 1 root root  653 Mar  8  2018 systemd-ask-password-console.service
-rw-r--r-- 1 root root  574 Mar  8  2018 systemd-ask-password-wall.path
-rw-r--r-- 1 root root  681 Mar  8  2018 systemd-ask-password-wall.service
-rw-r--r-- 1 root root  724 Mar  8  2018 systemd-backlight@.service
-rw-r--r-- 1 root root  959 Mar  8  2018 systemd-binfmt.service
-rw-r--r-- 1 root root  650 Mar  8  2018 systemd-bootchart.service
-rw-r--r-- 1 root root 1.0K Mar  8  2018 systemd-bus-proxyd.service
-rw-r--r-- 1 root root  409 Mar  8  2018 systemd-bus-proxyd.socket
-rw-r--r-- 1 root root  497 Mar  8  2018 systemd-exit.service
-rw-r--r-- 1 root root  674 Mar  8  2018 systemd-fsck-root.service
-rw-r--r-- 1 root root  648 Mar  8  2018 systemd-fsck@.service
-rw-r--r-- 1 root root  551 Mar  8  2018 systemd-fsckd.service
-rw-r--r-- 1 root root  540 Mar  8  2018 systemd-fsckd.socket
-rw-r--r-- 1 root root  544 Mar  8  2018 systemd-halt.service
-rw-r--r-- 1 root root  631 Mar  8  2018 systemd-hibernate-resume@.service
-rw-r--r-- 1 root root  501 Mar  8  2018 systemd-hibernate.service
-rw-r--r-- 1 root root  710 Mar  8  2018 systemd-hostnamed.service
-rw-r--r-- 1 root root  778 Mar  8  2018 systemd-hwdb-update.service
-rw-r--r-- 1 root root  519 Mar  8  2018 systemd-hybrid-sleep.service
-rw-r--r-- 1 root root  480 Mar  8  2018 systemd-initctl.service
-rw-r--r-- 1 root root  524 Mar  8  2018 systemd-initctl.socket
-rw-r--r-- 1 root root  731 Mar  8  2018 systemd-journal-flush.service
-rw-r--r-- 1 root root  607 Mar  8  2018 systemd-journald-audit.socket
-rw-r--r-- 1 root root 1.1K Mar  8  2018 systemd-journald-dev-log.socket
-rw-r--r-- 1 root root 1.3K Mar  8  2018 systemd-journald.service
-rw-r--r-- 1 root root  842 Mar  8  2018 systemd-journald.socket
-rw-r--r-- 1 root root  557 Mar  8  2018 systemd-kexec.service
-rw-r--r-- 1 root root  691 Mar  8  2018 systemd-localed.service
-rw-r--r-- 1 root root 1.2K Mar  8  2018 systemd-logind.service
-rw-r--r-- 1 root root  693 Mar  8  2018 systemd-machine-id-commit.service
-rw-r--r-- 1 root root  967 Mar  8  2018 systemd-modules-load.service
-rw-r--r-- 1 root root  685 Mar  8  2018 systemd-networkd-wait-online.service
-rw-r--r-- 1 root root 1.3K Mar  8  2018 systemd-networkd.service
-rw-r--r-- 1 root root  591 Mar  8  2018 systemd-networkd.socket
-rw-r--r-- 1 root root  553 Mar  8  2018 systemd-poweroff.service
-rw-r--r-- 1 root root  614 Mar  8  2018 systemd-quotacheck.service
-rw-r--r-- 1 root root  717 Mar  8  2018 systemd-random-seed.service
-rw-r--r-- 1 root root  548 Mar  8  2018 systemd-reboot.service
-rw-r--r-- 1 root root  757 Mar  8  2018 systemd-remount-fs.service
-rw-r--r-- 1 root root  907 Mar  8  2018 systemd-resolved.service
-rw-r--r-- 1 root root  696 Mar  8  2018 systemd-rfkill.service
-rw-r--r-- 1 root root  617 Mar  8  2018 systemd-rfkill.socket
-rw-r--r-- 1 root root  497 Mar  8  2018 systemd-suspend.service
-rw-r--r-- 1 root root  653 Mar  8  2018 systemd-sysctl.service
-rw-r--r-- 1 root root  655 Mar  8  2018 systemd-timedated.service
-rw-r--r-- 1 root root 1.1K Mar  8  2018 systemd-timesyncd.service
-rw-r--r-- 1 root root  598 Mar  8  2018 systemd-tmpfiles-clean.service
-rw-r--r-- 1 root root  450 Mar  8  2018 systemd-tmpfiles-clean.timer
-rw-r--r-- 1 root root  703 Mar  8  2018 systemd-tmpfiles-setup-dev.service
-rw-r--r-- 1 root root  683 Mar  8  2018 systemd-tmpfiles-setup.service
-rw-r--r-- 1 root root  823 Mar  8  2018 systemd-udev-settle.service
-rw-r--r-- 1 root root  743 Mar  8  2018 systemd-udev-trigger.service
-rw-r--r-- 1 root root  578 Mar  8  2018 systemd-udevd-control.socket
-rw-r--r-- 1 root root  570 Mar  8  2018 systemd-udevd-kernel.socket
-rw-r--r-- 1 root root  825 Mar  8  2018 systemd-udevd.service
-rw-r--r-- 1 root root  757 Mar  8  2018 systemd-update-utmp-runlevel.service
-rw-r--r-- 1 root root  754 Mar  8  2018 systemd-update-utmp.service
-rw-r--r-- 1 root root  573 Mar  8  2018 systemd-user-sessions.service
-rw-r--r-- 1 root root  395 Mar  8  2018 time-sync.target
-rw-r--r-- 1 root root  405 Mar  8  2018 timers.target
-rw-r--r-- 1 root root  417 Mar  8  2018 umount.target
-rw-r--r-- 1 root root  392 Mar  8  2018 user.slice
-rw-r--r-- 1 root root  528 Mar  8  2018 user@.service
-rw-r--r-- 1 root root  238 Mar  6  2018 apt-daily-upgrade.service
-rw-r--r-- 1 root root  184 Mar  6  2018 apt-daily-upgrade.timer
-rw-r--r-- 1 root root  225 Mar  6  2018 apt-daily.service
-rw-r--r-- 1 root root  156 Mar  6  2018 apt-daily.timer
-rw-r--r-- 1 root root  342 Feb 21  2018 getty-static.service
-rw-r--r-- 1 root root  153 Feb 21  2018 sigpwr-container-shutdown.service
-rw-r--r-- 1 root root  175 Feb 21  2018 systemd-networkd-resolvconf-update.path
-rw-r--r-- 1 root root  715 Feb 21  2018 systemd-networkd-resolvconf-update.service
-rw-r--r-- 1 root root   72 Feb 17  2018 backuperer.service
-rw-r--r-- 1 root root  254 Feb 16  2018 backuperer.timer
-rw-r--r-- 1 root root  251 Feb 15  2018 open-vm-tools.service
lrwxrwxrwx 1 root root    9 Feb  9  2018 screen-cleanup.service -> /dev/null
-rw-r--r-- 1 root root  681 Dec  7  2017 lxd.service
-rw-r--r-- 1 root root  206 Dec  7  2017 lxd-bridge.service
-rw-r--r-- 1 root root  318 Dec  7  2017 lxd-containers.service
-rw-r--r-- 1 root root  197 Dec  7  2017 lxd.socket
-rw-r--r-- 1 root root  189 Nov 30  2017 uuidd.service
-rw-r--r-- 1 root root  126 Nov 30  2017 uuidd.socket
-rw-r--r-- 1 root root  420 Nov 29  2017 resolvconf.service
-rw-r--r-- 1 root root  311 Nov  8  2017 lxcfs.service
-rw-r--r-- 1 root root  670 Nov  8  2017 mdadm-shutdown.service
drwxr-xr-x 2 root root 4.0K Aug  1  2017 busnames.target.wants
-rw-r--r-- 1 root root  385 Mar 16  2017 ssh.service
-rw-r--r-- 1 root root  216 Mar 16  2017 ssh.socket
-rw-r--r-- 1 root root  196 Mar 16  2017 ssh@.service
-rw-r--r-- 1 root root  411 Feb  3  2017 mysql.service
-rw-r--r-- 1 root root  269 Jan 31  2017 setvtrgb.service
-rw-r--r-- 1 root root  491 Jan 12  2017 dbus.service
-rw-r--r-- 1 root root  106 Jan 12  2017 dbus.socket
-rw-r--r-- 1 root root  735 Nov 30  2016 networking.service
-rw-r--r-- 1 root root  497 Nov 30  2016 ifup@.service
-rw-r--r-- 1 root root  631 Nov  3  2016 accounts-daemon.service
-rw-r--r-- 1 root root  285 Jun 16  2016 keyboard-setup.service
-rw-r--r-- 1 root root  288 Jun 16  2016 console-setup.service
lrwxrwxrwx 1 root root    9 Apr 16  2016 lvm2.service -> /dev/null
-rw-r--r-- 1 root root  334 Apr 16  2016 dm-event.service
-rw-r--r-- 1 root root  248 Apr 16  2016 dm-event.socket
-rw-r--r-- 1 root root  380 Apr 16  2016 lvm2-lvmetad.service
-rw-r--r-- 1 root root  215 Apr 16  2016 lvm2-lvmetad.socket
-rw-r--r-- 1 root root  335 Apr 16  2016 lvm2-lvmpolld.service
-rw-r--r-- 1 root root  213 Apr 16  2016 lvm2-lvmpolld.socket
-rw-r--r-- 1 root root  658 Apr 16  2016 lvm2-monitor.service
-rw-r--r-- 1 root root  382 Apr 16  2016 lvm2-pvscan@.service
drwxr-xr-x 2 root root 4.0K Apr 12  2016 runlevel1.target.wants
drwxr-xr-x 2 root root 4.0K Apr 12  2016 runlevel2.target.wants
drwxr-xr-x 2 root root 4.0K Apr 12  2016 runlevel3.target.wants
drwxr-xr-x 2 root root 4.0K Apr 12  2016 runlevel4.target.wants
drwxr-xr-x 2 root root 4.0K Apr 12  2016 runlevel5.target.wants
-rw-r--r-- 1 root root  234 Apr  8  2016 acpid.service
-rw-r--r-- 1 root root  251 Apr  5  2016 cron.service
-rw-r--r-- 1 root root  290 Apr  5  2016 rsyslog.service
-rw-r--r-- 1 root root  142 Mar 31  2016 apport-forward@.service
-rw-r--r-- 1 root root  455 Mar 29  2016 iscsid.service
-rw-r--r-- 1 root root 1.1K Mar 29  2016 open-iscsi.service
-rw-r--r-- 1 root root  115 Feb  9  2016 acpid.socket
-rw-r--r-- 1 root root  115 Feb  9  2016 acpid.path
-rw-r--r-- 1 root root  169 Jan 14  2016 atd.service
-rw-r--r-- 1 root root  182 Jan 14  2016 polkitd.service
-rw-r--r-- 1 root root  790 Jun  1  2015 friendly-recovery.service
-rw-r--r-- 1 root root  250 Feb 24  2015 ureadahead-stop.service
-rw-r--r-- 1 root root  242 Feb 24  2015 ureadahead-stop.timer
-rw-r--r-- 1 root root  401 Feb 24  2015 ureadahead.service
-rw-r--r-- 1 root root  188 Feb 24  2014 rsync.service

/lib/systemd/system/halt.target.wants:
total 0
lrwxrwxrwx 1 root root 24 Apr  3  2018 plymouth-halt.service -> ../plymouth-halt.service

/lib/systemd/system/kexec.target.wants:
total 0
lrwxrwxrwx 1 root root 25 Apr  3  2018 plymouth-kexec.service -> ../plymouth-kexec.service

/lib/systemd/system/poweroff.target.wants:
total 0
lrwxrwxrwx 1 root root 28 Apr  3  2018 plymouth-poweroff.service -> ../plymouth-poweroff.service
lrwxrwxrwx 1 root root 39 Mar  8  2018 systemd-update-utmp-runlevel.service -> ../systemd-update-utmp-runlevel.service

/lib/systemd/system/sysinit.target.wants:
total 0
lrwxrwxrwx 1 root root 30 Apr  3  2018 plymouth-read-write.service -> ../plymouth-read-write.service
lrwxrwxrwx 1 root root 25 Apr  3  2018 plymouth-start.service -> ../plymouth-start.service
lrwxrwxrwx 1 root root 30 Mar  8  2018 systemd-hwdb-update.service -> ../systemd-hwdb-update.service
lrwxrwxrwx 1 root root 31 Mar  8  2018 systemd-udev-trigger.service -> ../systemd-udev-trigger.service
lrwxrwxrwx 1 root root 24 Mar  8  2018 systemd-udevd.service -> ../systemd-udevd.service
lrwxrwxrwx 1 root root 20 Mar  8  2018 cryptsetup.target -> ../cryptsetup.target
lrwxrwxrwx 1 root root 22 Mar  8  2018 dev-hugepages.mount -> ../dev-hugepages.mount
lrwxrwxrwx 1 root root 19 Mar  8  2018 dev-mqueue.mount -> ../dev-mqueue.mount
lrwxrwxrwx 1 root root 28 Mar  8  2018 kmod-static-nodes.service -> ../kmod-static-nodes.service
lrwxrwxrwx 1 root root 36 Mar  8  2018 proc-sys-fs-binfmt_misc.automount -> ../proc-sys-fs-binfmt_misc.automount
lrwxrwxrwx 1 root root 32 Mar  8  2018 sys-fs-fuse-connections.mount -> ../sys-fs-fuse-connections.mount
lrwxrwxrwx 1 root root 26 Mar  8  2018 sys-kernel-config.mount -> ../sys-kernel-config.mount
lrwxrwxrwx 1 root root 25 Mar  8  2018 sys-kernel-debug.mount -> ../sys-kernel-debug.mount
lrwxrwxrwx 1 root root 36 Mar  8  2018 systemd-ask-password-console.path -> ../systemd-ask-password-console.path
lrwxrwxrwx 1 root root 25 Mar  8  2018 systemd-binfmt.service -> ../systemd-binfmt.service
lrwxrwxrwx 1 root root 32 Mar  8  2018 systemd-journal-flush.service -> ../systemd-journal-flush.service
lrwxrwxrwx 1 root root 27 Mar  8  2018 systemd-journald.service -> ../systemd-journald.service
lrwxrwxrwx 1 root root 36 Mar  8  2018 systemd-machine-id-commit.service -> ../systemd-machine-id-commit.service
lrwxrwxrwx 1 root root 31 Mar  8  2018 systemd-modules-load.service -> ../systemd-modules-load.service
lrwxrwxrwx 1 root root 30 Mar  8  2018 systemd-random-seed.service -> ../systemd-random-seed.service
lrwxrwxrwx 1 root root 25 Mar  8  2018 systemd-sysctl.service -> ../systemd-sysctl.service
lrwxrwxrwx 1 root root 37 Mar  8  2018 systemd-tmpfiles-setup-dev.service -> ../systemd-tmpfiles-setup-dev.service
lrwxrwxrwx 1 root root 33 Mar  8  2018 systemd-tmpfiles-setup.service -> ../systemd-tmpfiles-setup.service
lrwxrwxrwx 1 root root 30 Mar  8  2018 systemd-update-utmp.service -> ../systemd-update-utmp.service
lrwxrwxrwx 1 root root 24 Feb  9  2018 console-setup.service -> ../console-setup.service
lrwxrwxrwx 1 root root 25 Feb  9  2018 keyboard-setup.service -> ../keyboard-setup.service
lrwxrwxrwx 1 root root 19 Feb  9  2018 setvtrgb.service -> ../setvtrgb.service

/lib/systemd/system/initrd-switch-root.target.wants:
total 0
lrwxrwxrwx 1 root root 25 Apr  3  2018 plymouth-start.service -> ../plymouth-start.service
lrwxrwxrwx 1 root root 31 Apr  3  2018 plymouth-switch-root.service -> ../plymouth-switch-root.service

/lib/systemd/system/multi-user.target.wants:
total 0
lrwxrwxrwx 1 root root 29 Apr  3  2018 plymouth-quit-wait.service -> ../plymouth-quit-wait.service
lrwxrwxrwx 1 root root 24 Apr  3  2018 plymouth-quit.service -> ../plymouth-quit.service
lrwxrwxrwx 1 root root 15 Mar  8  2018 getty.target -> ../getty.target
lrwxrwxrwx 1 root root 33 Mar  8  2018 systemd-ask-password-wall.path -> ../systemd-ask-password-wall.path
lrwxrwxrwx 1 root root 25 Mar  8  2018 systemd-logind.service -> ../systemd-logind.service
lrwxrwxrwx 1 root root 39 Mar  8  2018 systemd-update-utmp-runlevel.service -> ../systemd-update-utmp-runlevel.service
lrwxrwxrwx 1 root root 32 Mar  8  2018 systemd-user-sessions.service -> ../systemd-user-sessions.service
lrwxrwxrwx 1 root root 15 Jan 12  2017 dbus.service -> ../dbus.service

/lib/systemd/system/reboot.target.wants:
total 0
lrwxrwxrwx 1 root root 26 Apr  3  2018 plymouth-reboot.service -> ../plymouth-reboot.service
lrwxrwxrwx 1 root root 39 Mar  8  2018 systemd-update-utmp-runlevel.service -> ../systemd-update-utmp-runlevel.service

/lib/systemd/system/apache2.service.d:
total 4.0K
-rw-r--r-- 1 root root 42 Apr 12  2016 apache2-systemd.conf

/lib/systemd/system/sockets.target.wants:
total 0
lrwxrwxrwx 1 root root 31 Mar  8  2018 systemd-udevd-control.socket -> ../systemd-udevd-control.socket
lrwxrwxrwx 1 root root 30 Mar  8  2018 systemd-udevd-kernel.socket -> ../systemd-udevd-kernel.socket
lrwxrwxrwx 1 root root 25 Mar  8  2018 systemd-initctl.socket -> ../systemd-initctl.socket
lrwxrwxrwx 1 root root 32 Mar  8  2018 systemd-journald-audit.socket -> ../systemd-journald-audit.socket
lrwxrwxrwx 1 root root 34 Mar  8  2018 systemd-journald-dev-log.socket -> ../systemd-journald-dev-log.socket
lrwxrwxrwx 1 root root 26 Mar  8  2018 systemd-journald.socket -> ../systemd-journald.socket
lrwxrwxrwx 1 root root 14 Jan 12  2017 dbus.socket -> ../dbus.socket

/lib/systemd/system/getty.target.wants:
total 0
lrwxrwxrwx 1 root root 23 Mar  8  2018 getty-static.service -> ../getty-static.service

/lib/systemd/system/graphical.target.wants:
total 0
lrwxrwxrwx 1 root root 39 Mar  8  2018 systemd-update-utmp-runlevel.service -> ../systemd-update-utmp-runlevel.service

/lib/systemd/system/local-fs.target.wants:
total 0
lrwxrwxrwx 1 root root 29 Mar  8  2018 systemd-remount-fs.service -> ../systemd-remount-fs.service

/lib/systemd/system/rescue.target.wants:
total 0
lrwxrwxrwx 1 root root 39 Mar  8  2018 systemd-update-utmp-runlevel.service -> ../systemd-update-utmp-runlevel.service

/lib/systemd/system/resolvconf.service.wants:
total 0
lrwxrwxrwx 1 root root 42 Mar  8  2018 systemd-networkd-resolvconf-update.path -> ../systemd-networkd-resolvconf-update.path

/lib/systemd/system/sigpwr.target.wants:
total 0
lrwxrwxrwx 1 root root 36 Mar  8  2018 sigpwr-container-shutdown.service -> ../sigpwr-container-shutdown.service

/lib/systemd/system/timers.target.wants:
total 0
lrwxrwxrwx 1 root root 31 Mar  8  2018 systemd-tmpfiles-clean.timer -> ../systemd-tmpfiles-clean.timer

/lib/systemd/system/rc-local.service.d:
total 4.0K
-rw-r--r-- 1 root root 290 Feb 21  2018 debian.conf

/lib/systemd/system/systemd-resolved.service.d:
total 4.0K
-rw-r--r-- 1 root root 200 Feb 21  2018 resolvconf.conf

/lib/systemd/system/systemd-timesyncd.service.d:
total 4.0K
-rw-r--r-- 1 root root 251 Feb 21  2018 disable-with-time-daemon.conf

/lib/systemd/system/busnames.target.wants:
total 0

/lib/systemd/system/runlevel1.target.wants:
total 0

/lib/systemd/system/runlevel2.target.wants:
total 0

/lib/systemd/system/runlevel3.target.wants:
total 0

/lib/systemd/system/runlevel4.target.wants:
total 0

/lib/systemd/system/runlevel5.target.wants:
total 0

/lib/systemd/system-generators:
total 684K
-rwxr-xr-x 1 root root  14K Apr 11  2018 snapd-generator
-rwxr-xr-x 1 root root  38K Mar  8  2018 systemd-getty-generator
-rwxr-xr-x 1 root root  34K Mar  8  2018 systemd-hibernate-resume-generator
-rwxr-xr-x 1 root root  38K Mar  8  2018 systemd-insserv-generator
-rwxr-xr-x 1 root root 102K Mar  8  2018 systemd-sysv-generator
-rwxr-xr-x 1 root root  70K Mar  8  2018 systemd-cryptsetup-generator
-rwxr-xr-x 1 root root  58K Mar  8  2018 systemd-dbus1-generator
-rwxr-xr-x 1 root root  38K Mar  8  2018 systemd-debug-generator
-rwxr-xr-x 1 root root  78K Mar  8  2018 systemd-fstab-generator
-rwxr-xr-x 1 root root 122K Mar  8  2018 systemd-gpt-auto-generator
-rwxr-xr-x 1 root root  30K Mar  8  2018 systemd-rc-local-generator
-rwxr-xr-x 1 root root  26K Mar  8  2018 systemd-system-update-generator
-rwxr-xr-x 1 root root 9.5K Apr 16  2016 lvm2-activation-generator

/lib/systemd/system-sleep:
total 4.0K
-rwxr-xr-x 1 root root 92 Mar 17  2016 hdparm

/lib/systemd/network:
total 12K
-rw-r--r-- 1 root root 404 Mar  8  2018 80-container-host0.network
-rw-r--r-- 1 root root 482 Mar  8  2018 80-container-ve.network
-rw-r--r-- 1 root root  80 Mar  8  2018 99-default.link

/lib/systemd/system-preset:
total 4.0K
-rw-r--r-- 1 root root 869 Mar  8  2018 90-systemd.preset

/lib/systemd/system-shutdown:
total 4.0K
-rwxr-xr-x 1 root root 160 Nov  8  2017 mdadm.shutdown


### SOFTWARE #############################################
[-] Sudo version:
Sudo version 1.8.16


[-] MYSQL version:
mysql  Ver 14.14 Distrib 5.7.22, for Linux (i686) using  EditLine wrapper


[-] Apache version:
Server version: Apache/2.4.18 (Ubuntu)
Server built:   2018-04-18T14:53:04


[-] Apache user configuration:
APACHE_RUN_USER=www-data
APACHE_RUN_GROUP=www-data


[-] Installed Apache modules:
Loaded Modules:
 core_module (static)
 so_module (static)
 watchdog_module (static)
 http_module (static)
 log_config_module (static)
 logio_module (static)
 version_module (static)
 unixd_module (static)
 access_compat_module (shared)
 alias_module (shared)
 auth_basic_module (shared)
 authn_core_module (shared)
 authn_file_module (shared)
 authz_core_module (shared)
 authz_host_module (shared)
 authz_user_module (shared)
 autoindex_module (shared)
 deflate_module (shared)
 dir_module (shared)
 env_module (shared)
 filter_module (shared)
 mime_module (shared)
 mpm_prefork_module (shared)
 negotiation_module (shared)
 php7_module (shared)
 rewrite_module (shared)
 setenvif_module (shared)
 status_module (shared)


### INTERESTING FILES ####################################
[-] Useful file locations:
/bin/nc
/bin/netcat
/usr/bin/wget
/usr/bin/curl


[-] Can we read/write sensitive files:
-rw-r--r-- 1 root root 1615 Feb  9  2018 /etc/passwd
-rw-r--r-- 1 root root 785 Feb  9  2018 /etc/group
-rw-r--r-- 1 root root 575 Oct 22  2015 /etc/profile
-rw-r----- 1 root shadow 1067 Feb 20  2018 /etc/shadow


[-] SUID files:
-rwsr-xr-x 1 root root 26492 Nov 30  2017 /bin/umount
-rwsr-xr-x 1 root root 34812 Nov 30  2017 /bin/mount
-rwsr-xr-x 1 root root 38932 May  7  2014 /bin/ping
-rwsr-xr-x 1 root root 30112 Jul 12  2016 /bin/fusermount
-rwsr-xr-x 1 root root 38900 May 16  2017 /bin/su
-rwsr-xr-x 1 root root 157424 Jan 28  2017 /bin/ntfs-3g
-rwsr-xr-x 1 root root 43316 May  7  2014 /bin/ping6
-rwSr--r-T 1 root root 150667 Mar  9  2018 /var/www/html/webservices/wp/wp-content/plugins/gwolle-gb/frontend/captcha/g_5h377
-rwsr-xr-x 1 root root 18216 Jan 17  2016 /usr/bin/pkexec
-rwsr-xr-x 1 root root 34680 May 16  2017 /usr/bin/newgrp
-rwsr-xr-x 1 root root 48264 May 16  2017 /usr/bin/chfn
-rwsr-xr-x 1 root root 39560 May 16  2017 /usr/bin/chsh
-rwsr-xr-x 1 root root 159852 Jul  4  2017 /usr/bin/sudo
-rwsr-xr-x 1 root root 78012 May 16  2017 /usr/bin/gpasswd
-rwsr-xr-x 1 root root 36288 May 16  2017 /usr/bin/newgidmap
-rwsr-xr-x 1 root root 53128 May 16  2017 /usr/bin/passwd
-rwsr-sr-x 1 daemon daemon 50748 Jan 14  2016 /usr/bin/at
-rwsr-xr-x 1 root root 36288 May 16  2017 /usr/bin/newuidmap
-rwsr-xr-- 1 root messagebus 46436 Jan 12  2017 /usr/lib/dbus-1.0/dbus-daemon-launch-helper
-rwsr-xr-x 1 root root 513528 Jan 18  2018 /usr/lib/openssh/ssh-keysign
-rwsr-xr-x 1 root root 13960 Jan 17  2016 /usr/lib/policykit-1/polkit-agent-helper-1
-rwsr-xr-x 1 root root 5480 Mar 27  2017 /usr/lib/eject/dmcrypt-get-device
-rwsr-xr-x 1 root root 42396 Jun 14  2017 /usr/lib/i386-linux-gnu/lxc/lxc-user-nic
-rwsr-sr-x 1 root root 105004 Apr 11  2018 /usr/lib/snapd/snap-confine


[-] SGID files:
-rwxr-sr-x 1 root shadow 38664 Apr  9  2018 /sbin/unix_chkpwd
-rwxr-sr-x 1 root shadow 38684 Apr  9  2018 /sbin/pam_extrausers_chkpwd
-rwxr-sr-x 1 root mlocate 34452 Nov 18  2014 /usr/bin/mlocate
-rwxr-sr-x 1 root ssh 431632 Jan 18  2018 /usr/bin/ssh-agent
-rwxr-sr-x 1 root crontab 38996 Apr  5  2016 /usr/bin/crontab
-rwxr-sr-x 1 root tty 9788 Mar  1  2016 /usr/bin/bsd-write
-rwxr-sr-x 1 root shadow 22000 May 16  2017 /usr/bin/expiry
-rwxr-sr-x 1 root utmp 464152 Feb  7  2016 /usr/bin/screen
-rwxr-sr-x 1 root shadow 61276 May 16  2017 /usr/bin/chage
-rwxr-sr-x 1 root tty 26356 Nov 30  2017 /usr/bin/wall
-rwsr-sr-x 1 daemon daemon 50748 Jan 14  2016 /usr/bin/at
-rwxr-sr-x 1 root utmp 5480 Mar 11  2016 /usr/lib/i386-linux-gnu/utempter/utempter
-rwsr-sr-x 1 root root 105004 Apr 11  2018 /usr/lib/snapd/snap-confine


[+] Files with POSIX capabilities set:
/usr/bin/systemd-detect-virt = cap_dac_override,cap_sys_ptrace+ep
/usr/bin/mtr = cap_net_raw+ep
/usr/bin/traceroute6.iputils = cap_net_raw+ep


[-] Can't search *.conf files as no keyword was entered

[-] Can't search *.php files as no keyword was entered

[-] Can't search *.log files as no keyword was entered

[-] Can't search *.ini files as no keyword was entered

[-] All *.conf files in /etc (recursive 1 level):
-rw-r--r-- 1 root root 191 Jan 18  2016 /etc/libaudit.conf
-rw-r--r-- 1 root root 3028 Aug  1  2017 /etc/adduser.conf
-rw-r--r-- 1 root root 8464 Feb  9  2018 /etc/ca-certificates.conf
-rw-r--r-- 1 root root 771 Mar  6  2015 /etc/insserv.conf
-rw-r--r-- 1 root root 338 Nov 18  2014 /etc/updatedb.conf
-rw-r--r-- 1 root root 2231 May  2  2018 /etc/sysctl.conf
-rw-r--r-- 1 root root 604 Jul  2  2015 /etc/deluser.conf
-rw-r--r-- 1 root root 2969 Nov 10  2015 /etc/debconf.conf
-rw-r--r-- 1 root root 100 Jan 10  2017 /etc/sos.conf
-rw-r--r-- 1 root root 497 May  4  2014 /etc/nsswitch.conf
-rw-r--r-- 1 root root 2584 Feb 18  2016 /etc/gai.conf
-rw-r--r-- 1 root root 6920 Jan 11  2018 /etc/overlayroot.conf
-rw-r--r-- 1 root root 34 Jan 27  2016 /etc/ld.so.conf
-rw-r--r-- 1 root root 552 Mar 16  2016 /etc/pam.conf
-rw-r--r-- 1 root root 1371 Jan 27  2016 /etc/rsyslog.conf
-rw-r--r-- 1 root root 280 Jun 20  2014 /etc/fuse.conf
-rw-r--r-- 1 root root 92 Oct 22  2015 /etc/host.conf
-rw-r--r-- 1 root root 350 Feb  9  2018 /etc/popularity-contest.conf
-rw-r--r-- 1 root root 4781 Mar 17  2016 /etc/hdparm.conf
-rw-r--r-- 1 root root 1260 Mar 16  2016 /etc/ucf.conf
-rw-r--r-- 1 root root 967 Oct 30  2015 /etc/mke2fs.conf
-rw-r--r-- 1 root root 14867 Apr 12  2016 /etc/ltrace.conf
-rw-r--r-- 1 root root 703 May  6  2015 /etc/logrotate.conf
-rw-r--r-- 1 root root 144 Feb  9  2018 /etc/kernel-img.conf


[-] Current user's history files:
lrwxrwxrwx 1 root  root   9 Feb 17  2018 /home/onuma/.bash_history -> /dev/null
-rwxrw---- 1 onuma onuma 52 Feb 17  2018 /home/onuma/.mysql_history


[-] Location and contents (if accessible) of .bash_history file(s):
/home/onuma/.bash_history


[-] Location and Permissions (if accessible) of .bak file(s):
-rw------- 1 root shadow 681 Feb  9  2018 /var/backups/gshadow.bak
-rw------- 1 root shadow 1067 Feb 20  2018 /var/backups/shadow.bak
-rw-r--r-- 1 onuma onuma 11511296 Feb  8 15:58 /var/backups/onuma-www-dev.bak
-rw------- 1 root root 1615 Feb  9  2018 /var/backups/passwd.bak
-rw------- 1 root root 785 Feb  9  2018 /var/backups/group.bak


[-] Any interesting mail in /var/mail:
total 8
drwxrwsr-x  2 root mail 4096 May 12  2022 .
drwxr-xr-x 14 root root 4096 May 12  2022 ..


### SCAN COMPLETE ####################################
